<?xml version="1.0" encoding="UTF-8"?>
<!-- Generated by org.testng.reporters.JUnitReportReporter -->
<testsuite hostname="DESKTOP-EULJV3S" failures="0" tests="1" name="cv.com.test" time="0.013" errors="0" timestamp="2024-01-03T14:57:53 IST" skipped="0">
  <testcase classname="cv.com.test" name="test" time="0.013"/>
  <system-out/>
</testsuite> <!-- cv.com.test -->
