<?xml version="1.0" encoding="UTF-8"?>
<!-- Generated by org.testng.reporters.JUnitReportReporter -->
<testsuite hostname="DESKTOP-EULJV3S" failures="0" tests="1" name="seleniumProgramms.Atest" time="0.002" errors="0" timestamp="2024-01-08T17:24:27 IST" skipped="0">
  <testcase classname="seleniumProgramms.Atest" name="atest" time="0.002"/>
  <system-out/>
</testsuite> <!-- seleniumProgramms.Atest -->
