<?xml version="1.0" encoding="UTF-8"?>
<!-- Generated by org.testng.reporters.JUnitReportReporter -->
<testsuite hostname="DESKTOP-EULJV3S" failures="0" tests="1" name="seleniumProgramms.mevanParameter" time="0.003" errors="0" timestamp="2024-01-08T15:58:43 IST" skipped="0">
  <testcase classname="seleniumProgramms.mevanParameter" name="test" time="0.003"/>
  <system-out/>
</testsuite> <!-- seleniumProgramms.mevanParameter -->
