<?xml version="1.0" encoding="UTF-8"?>
<!-- Generated by org.testng.reporters.JUnitReportReporter -->
<testsuite hostname="DESKTOP-EULJV3S" failures="0" tests="1" name="seleniumProgramms.A" time="0.002" errors="0" timestamp="2024-01-08T16:12:42 IST" skipped="0">
  <testcase classname="seleniumProgramms.A" name="test" time="0.002"/>
  <system-out/>
</testsuite> <!-- seleniumProgramms.A -->
