<?xml version="1.0" encoding="UTF-8"?>
<!-- Generated by org.testng.reporters.JUnitReportReporter -->
<testsuite hostname="DESKTOP-EULJV3S" failures="0" tests="1" name="seleniumProgramms.Btest" time="0.011" errors="0" timestamp="2024-01-08T17:24:27 IST" skipped="0">
  <testcase classname="seleniumProgramms.Btest" name="btes" time="0.011"/>
  <system-out/>
</testsuite> <!-- seleniumProgramms.Btest -->
