<?xml version="1.0" encoding="UTF-8"?>
<!-- Generated by org.testng.reporters.JUnitReportReporter -->
<testsuite hostname="DESKTOP-EULJV3S" failures="0" tests="1" name="seleniumProgramms.B" time="0.011" errors="0" timestamp="2024-01-08T16:12:42 IST" skipped="0">
  <testcase classname="seleniumProgramms.B" name="t" time="0.011"/>
  <system-out/>
</testsuite> <!-- seleniumProgramms.B -->
